[main] INFO  edureka  - URL is opened
[main] INFO  edureka  - Entered username
[main] INFO  edureka  - Entered Password
[main] INFO  edureka  - login test passed
[main] INFO  edureka  - URL is opened
[main] INFO  edureka  - Entered username
[main] INFO  edureka  - Entered Password
[main] INFO  edureka  - login test passed
[main] INFO  edureka  - URL is opened
[main] INFO  edureka  - Entered username
[main] INFO  edureka  - Entered Password
[main] INFO  edureka  - login test passed
[main] INFO  edureka  - URL is opened
[main] INFO  edureka  - Entered username
[main] INFO  edureka  - Entered Password
[main] INFO  edureka  - login test passed
[main] INFO  edureka  - URL is opened
[main] INFO  edureka  - URL is opened
[main] INFO  edureka  - Entered username
[main] INFO  edureka  - Entered Password
[main] INFO  edureka  - login test passed
[main] INFO  edureka  - URL is opened
[main] INFO  edureka  - Entered username
[main] INFO  edureka  - Entered Password
[main] INFO  edureka  - login test passed
[main] INFO  edureka  - URL is opened
[main] INFO  edureka  - URL is opened
[main] INFO  edureka  - Entered username
[main] INFO  edureka  - Entered Password
[main] INFO  edureka  - login test passed
[main] INFO  edureka  - URL is opened
[main] INFO  edureka  - Entered username
[main] INFO  edureka  - Entered Password
[main] INFO  edureka  - login test passed
[main] INFO  edureka  - URL is opened
[main] INFO  edureka  - URL is opened
[main] INFO  edureka  - click on course link
[main] INFO  edureka  - search for selenium
[main] INFO  edureka  - click on search button
[main] INFO  edureka  - URL is opened
[main] INFO  edureka  - click on course link
[main] INFO  edureka  - search for selenium
[main] INFO  edureka  - click on search button
[main] INFO  edureka  - URL is opened
[main] INFO  edureka  - Entered username
[main] INFO  edureka  - Entered Password
[main] INFO  edureka  - login test passed
[main] INFO  edureka  - URL is opened
[main] INFO  edureka  - click on course link
[main] INFO  edureka  - search for selenium
[main] INFO  edureka  - click on search button
[main] INFO  edureka  - URL is opened
[main] INFO  edureka  - URL is opened
[main] INFO  edureka  - URL is opened
[main] INFO  edureka  - click on course link
[main] INFO  edureka  - search for selenium
[main] INFO  edureka  - click on search button
[main] INFO  edureka  - URL is opened
[main] INFO  edureka  - URL is opened
[main] INFO  edureka  - click on course link
[main] INFO  edureka  - search for selenium
[main] INFO  edureka  - click on search button
[main] INFO  edureka  - URL is opened
[main] INFO  edureka  - Entered username
[main] INFO  edureka  - Entered Password
[main] INFO  edureka  - login test passed
[main] INFO  edureka  - URL is opened
[main] INFO  edureka  - click on profile page
[main] INFO  edureka  - click on course link
[main] INFO  edureka  - search for selenium
[main] INFO  edureka  - click on search button
[main] INFO  edureka  - URL is opened
[main] INFO  edureka  - Entered username
[main] INFO  edureka  - Entered Password
[main] INFO  edureka  - login test passed
[main] INFO  edureka  -  Test of Search course started
[main] INFO  edureka  - Testing Course Taken
[main] INFO  edureka  - click on profile page
[main] INFO  edureka  - URL is opened
[main] INFO  edureka  - Entered username
[main] INFO  edureka  - Entered Password
[main] INFO  edureka  - login test passed
[main] INFO  edureka  -  Test of Search course started
[main] INFO  edureka  - click on course link
[main] INFO  edureka  - search for selenium
[main] INFO  edureka  - click on search button
[main] INFO  edureka  - Testing Course Taken
[main] INFO  edureka  - click on profile page
[main] INFO  edureka  - URL is opened
[main] INFO  edureka  - Entered username
[main] INFO  edureka  - Entered Password
[main] INFO  edureka  - login test passed
[main] INFO  edureka  -  Test of Search course started
[main] INFO  edureka  - click on course link
[main] INFO  edureka  - search for selenium
[main] INFO  edureka  - click on search button
[main] INFO  edureka  - Test Searching Course Passed
[main] INFO  edureka  - Testing Course Taken
[main] INFO  edureka  - click on profile page
[main] INFO  edureka  - Click on myorder
[main] INFO  edureka  - Course taken Passed
[main] INFO  edureka  - Course Taken test Passed
[main] INFO  edureka  - URL is opened
[main] INFO  edureka  - Entered username
[main] INFO  edureka  - Entered Password
[main] INFO  edureka  - login test passed
[main] INFO  edureka  -  Test of Search course started
[main] INFO  edureka  - Testing Course Taken
[main] INFO  edureka  - URL is opened
[main] INFO  edureka  - Entered username
[main] INFO  edureka  - Entered Password
[main] INFO  edureka  -  Test of Search course started
[main] INFO  edureka  - Testing Course Taken
[main] INFO  edureka  - URL is opened
[main] INFO  edureka  -  Test of Search course started
[main] INFO  edureka  - Testing Course Taken
[main] INFO  edureka  - URL is opened
[main] INFO  edureka  - Entered username
[main] INFO  edureka  - Entered Password
[main] INFO  edureka  - login test passed
[main] INFO  edureka  -  Test of Search course started
[main] INFO  edureka  - click on course link
[main] INFO  edureka  - search for selenium
[main] INFO  edureka  - click on search button
[main] INFO  edureka  - Test Searching Course Passed
[main] INFO  edureka  - Testing Course Taken
[main] INFO  edureka  - click on profile page
[main] INFO  edureka  - Click on myorder
[main] INFO  edureka  - Course Taken test Passed
[main] INFO  edureka  - URL is opened
[main] INFO  edureka  - Entered username
[main] INFO  edureka  - Entered Password
[main] INFO  edureka  - login test passed
[main] INFO  edureka  -  Test of Search course started
[main] INFO  edureka  - click on course link
[main] INFO  edureka  - search for selenium
[main] INFO  edureka  - click on search button
[main] INFO  edureka  - Test Searching Course Passed
[main] INFO  edureka  - Testing Course Taken
[main] INFO  edureka  - click on profile page
[main] INFO  edureka  - Click on myorder
[main] INFO  edureka  - Course Taken test Passed
[main] INFO  edureka  - Testing updating profile started
[main] INFO  edureka  - Navigate to profile
[main] INFO  edureka  - Click on edit profile
[main] INFO  edureka  - URL is opened
[main] INFO  edureka  - Entered username
[main] INFO  edureka  - Entered Password
[main] INFO  edureka  - login test passed
[main] INFO  edureka  -  Test of Search course started
[main] INFO  edureka  - click on course link
[main] INFO  edureka  - search for selenium
[main] INFO  edureka  - click on search button
[main] INFO  edureka  - Test Searching Course Passed
[main] INFO  edureka  - Testing Course Taken
[main] INFO  edureka  - click on profile page
[main] INFO  edureka  - Click on myorder
[main] INFO  edureka  - Course Taken test Passed
[main] INFO  edureka  - Testing updating profile started
[main] INFO  edureka  - Navigate to profile
[main] INFO  edureka  - Click on edit profile
[main] INFO  edureka  - Edit name
[main] INFO  edureka  - Edit current role
[main] INFO  edureka  - URL is opened
[main] INFO  edureka  - Entered username
[main] INFO  edureka  - Entered Password
[main] INFO  edureka  - login test passed
[main] INFO  edureka  -  Test of Search course started
[main] INFO  edureka  - Testing Course Taken
[main] INFO  edureka  - Testing updating profile started
[main] INFO  edureka  - URL is opened
[main] INFO  edureka  - Entered username
[main] INFO  edureka  - Entered Password
[main] INFO  edureka  - login test passed
[main] INFO  edureka  -  Test of Search course started
[main] INFO  edureka  - Testing Course Taken
[main] INFO  edureka  - Testing updating profile started
[main] INFO  edureka  - URL is opened
[main] INFO  edureka  - Entered username
[main] INFO  edureka  - Entered Password
[main] INFO  edureka  - login test passed
[main] INFO  edureka  -  Test of Search course started
[main] INFO  edureka  - click on course link
[main] INFO  edureka  - search for selenium
[main] INFO  edureka  - click on search button
[main] INFO  edureka  - Test Searching Course Passed
[main] INFO  edureka  - Testing Course Taken
[main] INFO  edureka  - click on profile page
[main] INFO  edureka  - Click on myorder
[main] INFO  edureka  - Course Taken test Passed
[main] INFO  edureka  - Testing updating profile started
[main] INFO  edureka  - Navigate to profile
[main] INFO  edureka  - Click on edit profile
[main] INFO  edureka  - Edit name
[main] INFO  edureka  - URL is opened
[main] INFO  edureka  - Entered username
[main] INFO  edureka  - Entered Password
[main] INFO  edureka  - login test passed
[main] INFO  edureka  -  Test of Search course started
[main] INFO  edureka  - click on course link
[main] INFO  edureka  - search for selenium
[main] INFO  edureka  - click on search button
[main] INFO  edureka  - Test Searching Course Passed
[main] INFO  edureka  - Testing Course Taken
[main] INFO  edureka  - click on profile page
[main] INFO  edureka  - Click on myorder
[main] INFO  edureka  - Course Taken test Passed
[main] INFO  edureka  - Testing updating profile started
[main] INFO  edureka  - Navigate to profile
[main] INFO  edureka  - Click on edit profile
[main] INFO  edureka  - URL is opened
[main] INFO  edureka  - Entered username
[main] INFO  edureka  - Entered Password
[main] INFO  edureka  - login test passed
[main] INFO  edureka  -  Test of Search course started
[main] INFO  edureka  - Testing Course Taken
[main] INFO  edureka  - Testing updating profile started
[main] INFO  edureka  - Test Logout Started
[main] INFO  edureka  - URL is opened
[main] INFO  edureka  -  Test of Search course started
[main] INFO  edureka  - Testing Course Taken
[main] INFO  edureka  - Testing updating profile started
[main] INFO  edureka  - Test Logout Started
[main] INFO  edureka  - URL is opened
[main] INFO  edureka  - Entered username
[main] INFO  edureka  - Entered Password
[main] INFO  edureka  - login test passed
[main] INFO  edureka  -  Test of Search course started
[main] INFO  edureka  - Testing Course Taken
[main] INFO  edureka  - Testing updating profile started
[main] INFO  edureka  - Test Logout Started
[main] INFO  edureka  - URL is opened
[main] INFO  edureka  - Entered username
[main] INFO  edureka  - Entered Password
[main] INFO  edureka  -  Test of Search course started
[main] INFO  edureka  - Testing Course Taken
[main] INFO  edureka  - Testing updating profile started
[main] INFO  edureka  - Test Logout Started
[main] INFO  edureka  - URL is opened
[main] INFO  edureka  - Entered username
[main] INFO  edureka  - Entered Password
[main] INFO  edureka  - login test passed
[main] INFO  edureka  -  Test of Search course started
[main] INFO  edureka  - click on course link
[main] INFO  edureka  - search for selenium
[main] INFO  edureka  - click on search button
[main] INFO  edureka  - Test Searching Course Passed
[main] INFO  edureka  - Testing Course Taken
[main] INFO  edureka  - click on profile page
[main] INFO  edureka  - Click on myorder
[main] INFO  edureka  - Course Taken test Passed
[main] INFO  edureka  - Testing updating profile started
[main] INFO  edureka  - Navigate to profile
[main] INFO  edureka  - Click on edit profile
[main] INFO  edureka  - Test Logout Started
[main] INFO  edureka  - Navigate to profile icon
[main] INFO  edureka  - Log out Successfully
[main] INFO  edureka  - URL is opened
[main] INFO  edureka  - Entered username
[main] INFO  edureka  - Entered Password
[main] INFO  edureka  - login test passed
[main] INFO  edureka  -  Test of Search course started
[main] INFO  edureka  - Testing Course Taken
[main] INFO  edureka  - Testing updating profile started
[main] INFO  edureka  - Test Logout Started
[main] INFO  edureka  - URL is opened
[main] INFO  edureka  - Entered username
[main] INFO  edureka  - Entered Password
[main] INFO  edureka  - login test passed
[main] INFO  edureka  -  Test of Search course started
[main] INFO  edureka  - click on course link
[main] INFO  edureka  - search for selenium
[main] INFO  edureka  - click on search button
[main] INFO  edureka  - Test Searching Course Passed
[main] INFO  edureka  - Testing Course Taken
[main] INFO  edureka  - click on profile page
[main] INFO  edureka  - Click on myorder
[main] INFO  edureka  - Course Taken test Passed
[main] INFO  edureka  - Testing updating profile started
[main] INFO  edureka  - Navigate to profile
[main] INFO  edureka  - Click on edit profile
[main] INFO  edureka  - Edit name
[main] INFO  edureka  - Test Logout Started
[main] INFO  edureka  - URL is opened
[main] INFO  edureka  - Entered username
[main] INFO  edureka  - Entered Password
[main] INFO  edureka  -  Test of Search course started
[main] INFO  edureka  - Testing Course Taken
[main] INFO  edureka  - Testing updating profile started
[main] INFO  edureka  - Test Logout Started
[main] INFO  edureka  - URL is opened
[main] INFO  edureka  - Entered username
[main] INFO  edureka  - Entered Password
[main] INFO  edureka  - login test passed
[main] INFO  edureka  -  Test of Search course started
[main] INFO  edureka  - Testing Course Taken
[main] INFO  edureka  - Testing updating profile started
[main] INFO  edureka  - Test Logout Started
[main] INFO  edureka  - URL is opened
[main] INFO  edureka  - Entered username
[main] INFO  edureka  - Entered Password
[main] INFO  edureka  - login test passed
[main] INFO  edureka  -  Test of Search course started
[main] INFO  edureka  - Testing Course Taken
[main] INFO  edureka  - Testing updating profile started
[main] INFO  edureka  - Test Logout Started
[main] INFO  edureka  - URL is opened
[main] INFO  edureka  - Entered username
[main] INFO  edureka  - Entered Password
[main] INFO  edureka  - login test passed
[main] INFO  edureka  -  Test of Search course started
[main] INFO  edureka  - click on course link
[main] INFO  edureka  - search for selenium
[main] INFO  edureka  - click on search button
[main] INFO  edureka  - Test Searching Course Passed
[main] INFO  edureka  - Testing Course Taken
[main] INFO  edureka  - click on profile page
[main] INFO  edureka  - Click on myorder
[main] INFO  edureka  - Course Taken test Passed
[main] INFO  edureka  - Testing updating profile started
[main] INFO  edureka  - Navigate to profile
[main] INFO  edureka  - Click on edit profile
[main] INFO  edureka  - Edit name
[main] INFO  edureka  - Edit current role
[main] INFO  edureka  - Verify and continue
[main] INFO  edureka  - Back to previous page
[main] INFO  edureka  - Test Logout Started
[main] INFO  edureka  - Navigate to profile icon
[main] INFO  edureka  - Log out Successfully
[main] INFO  edureka  - URL is opened
[main] INFO  edureka  -  Test of Search course started
[main] INFO  edureka  - Testing Course Taken
[main] INFO  edureka  - URL is opened
[main] INFO  edureka  - Testing updating profile started
[main] INFO  edureka  - Entered username
[main] INFO  edureka  - Entered Password
[main] INFO  edureka  - login test passed
[main] INFO  edureka  -  Test of Search course started
[main] INFO  edureka  - Test Logout Started
[main] INFO  edureka  - click on course link
[main] INFO  edureka  - search for selenium
[main] INFO  edureka  - click on search button
[main] INFO  edureka  - Test Searching Course Passed
[main] INFO  edureka  - Testing Course Taken
[main] INFO  edureka  - click on profile page
[main] INFO  edureka  - Click on myorder
[main] INFO  edureka  - Course Taken test Passed
[main] INFO  edureka  - Testing updating profile started
[main] INFO  edureka  - Navigate to profile
[main] INFO  edureka  - Click on edit profile
[main] INFO  edureka  - Edit name
[main] INFO  edureka  - Edit current role
[main] INFO  edureka  - Verify and continue
[main] INFO  edureka  - Back to previous page
[main] INFO  edureka  - Test Logout Started
[main] INFO  edureka  - Navigate to profile icon
[main] INFO  edureka  - Log out Successfully
[main] INFO  edureka  - URL is opened
[main] INFO  edureka  - Entered username
[main] INFO  edureka  - Entered Password
[main] INFO  edureka  - login test passed
[main] INFO  edureka  -  Test of Search course started
[main] INFO  edureka  - Testing Course Taken
[main] INFO  edureka  - Testing updating profile started
[main] INFO  edureka  - Test Logout Started
[main] INFO  edureka  - URL is opened
[main] INFO  edureka  - Entered username
[main] INFO  edureka  - Entered Password
[main] INFO  edureka  - login test passed
[main] INFO  edureka  -  Test of Search course started
[main] INFO  edureka  - click on course link
[main] INFO  edureka  - search for selenium
[main] INFO  edureka  - click on search button
[main] INFO  edureka  - Test Searching Course Passed
[main] INFO  edureka  - Testing Course Taken
[main] INFO  edureka  - click on profile page
[main] INFO  edureka  - Click on myorder
[main] INFO  edureka  - Course Taken test Passed
[main] INFO  edureka  - Testing updating profile started
[main] INFO  edureka  - Navigate to profile
[main] INFO  edureka  - Click on edit profile
[main] INFO  edureka  - Edit name
[main] INFO  edureka  - Edit current role
[main] INFO  edureka  - Verify and continue
[main] INFO  edureka  - Back to previous page
[main] INFO  edureka  - Test Logout Started
[main] INFO  edureka  - Navigate to profile icon
[main] INFO  edureka  - Log out Successfully
[main] INFO  edureka  - URL is opened
[main] INFO  edureka  - Entered username
[main] INFO  edureka  - Entered Password
[main] INFO  edureka  -  Test of Search course started
[main] INFO  edureka  - URL is opened
[main] INFO  edureka  - Entered username
[main] INFO  edureka  - Entered Password
[main] INFO  edureka  - Testing Course Taken
[main] INFO  edureka  - login test passed
[main] INFO  edureka  -  Test of Search course started
[main] INFO  edureka  - Testing updating profile started
[main] INFO  edureka  - click on course link
[main] INFO  edureka  - search for selenium
[main] INFO  edureka  - Test Logout Started
[main] INFO  edureka  - click on search button
[main] INFO  edureka  - Course added to Wish List
[main] INFO  edureka  - Test Searching Course Passed
[main] INFO  edureka  - Testing Course Taken
[main] INFO  edureka  - click on profile page
[main] INFO  edureka  - Click on myorder
[main] INFO  edureka  - Course Taken test Passed
[main] INFO  edureka  - Testing updating profile started
[main] INFO  edureka  - Navigate to profile
[main] INFO  edureka  - Click on edit profile
[main] INFO  edureka  - Edit name
[main] INFO  edureka  - Edit current role
[main] INFO  edureka  - Verify and continue
[main] INFO  edureka  - Back to previous page
[main] INFO  edureka  - Test Logout Started
[main] INFO  edureka  - Navigate to profile icon
[main] INFO  edureka  - Log out Successfully
[main] INFO  edureka  - URL is opened
[main] INFO  edureka  - Entered username
[main] INFO  edureka  - Entered Password
[main] INFO  edureka  - login test passed
[main] INFO  edureka  -  Test of Search course started
[main] INFO  edureka  - click on course link
[main] INFO  edureka  - search for selenium
[main] INFO  edureka  - click on search button
[main] INFO  edureka  - Course added to Wish List
[main] INFO  edureka  - Test Searching Course Passed
[main] INFO  edureka  - Testing Course Taken
[main] INFO  edureka  - click on profile page
[main] INFO  edureka  - Click on myorder
[main] INFO  edureka  - Course Taken test Passed
[main] INFO  edureka  - Testing updating profile started
[main] INFO  edureka  - Navigate to profile
[main] INFO  edureka  - Click on edit profile
[main] INFO  edureka  - Edit name
[main] INFO  edureka  - Edit current role
[main] INFO  edureka  - Verify and continue
[main] INFO  edureka  - Back to previous page
[main] INFO  edureka  - Test Logout Started
[main] INFO  edureka  - Navigate to profile icon
[main] INFO  edureka  - Log out Successfully
[main] INFO  edureka  - URL is opened
[main] INFO  edureka  - Entered username
[main] INFO  edureka  - Entered Password
[main] INFO  edureka  - login test passed
[main] INFO  edureka  -  Test of Search course started
[main] INFO  edureka  - click on course link
[main] INFO  edureka  - search for selenium
[main] INFO  edureka  - click on search button
[main] INFO  edureka  - Course added to Wish List
[main] INFO  edureka  - Test Searching Course Passed
[main] INFO  edureka  - Testing Course Taken
[main] INFO  edureka  - Testing updating profile started
[main] INFO  edureka  - Test Logout Started
